[debug] [2024-09-21T14:26:06.157Z] ----------------------------------------------------------------------
[debug] [2024-09-21T14:26:06.158Z] Command:       /home/bradd/.nvm/versions/node/v20.17.0/bin/node /home/bradd/.nvm/versions/node/v20.17.0/bin/firebase projects:list --json
[debug] [2024-09-21T14:26:06.158Z] CLI Version:   13.17.0
[debug] [2024-09-21T14:26:06.159Z] Platform:      linux
[debug] [2024-09-21T14:26:06.159Z] Node Version:  v20.17.0
[debug] [2024-09-21T14:26:06.159Z] Time:          Sat Sep 21 2024 11:26:06 GMT-0300 (Horário Padrão de Brasília)
[debug] [2024-09-21T14:26:06.159Z] ----------------------------------------------------------------------
[debug] 
[debug] [2024-09-21T14:26:06.190Z] Object "" in "firebase.json" has unknown property: {"additionalProperty":"flutter"}
[debug] [2024-09-21T14:26:06.192Z] > command requires scopes: ["email","openid","https://www.googleapis.com/auth/cloudplatformprojects.readonly","https://www.googleapis.com/auth/firebase","https://www.googleapis.com/auth/cloud-platform"]
[debug] [2024-09-21T14:26:06.192Z] > authorizing via signed-in user (braddteles@gmail.com)
[debug] [2024-09-21T14:26:06.194Z] >>> [apiv2][query] GET https://firebase.googleapis.com/v1beta1/projects pageSize=1000
[debug] [2024-09-21T14:26:15.093Z] <<< [apiv2][status] GET https://firebase.googleapis.com/v1beta1/projects 200
[debug] [2024-09-21T14:26:15.093Z] <<< [apiv2][body] GET https://firebase.googleapis.com/v1beta1/projects [omitted]
[info] ┌─────────────────────────┬─────────────────────────┬────────────────┬──────────────────────┐
│ Project Display Name    │ Project ID              │ Project Number │ Resource Location ID │
├─────────────────────────┼─────────────────────────┼────────────────┼──────────────────────┤
│ My First Project        │ citric-sprite-423013-n4 │ 713025969011   │ [Not specified]      │
├─────────────────────────┼─────────────────────────┼────────────────┼──────────────────────┤
│ FirebaseAutenticacao    │ fir-autenticacao-483e6  │ 182225532565   │ [Not specified]      │
├─────────────────────────┼─────────────────────────┼────────────────┼──────────────────────┤
│ fire-setup              │ fire-setup-c9ec7        │ 118680051539   │ [Not specified]      │
├─────────────────────────┼─────────────────────────┼────────────────┼──────────────────────┤
│ horas-v3                │ horas-v3-d49fd          │ 139238562505   │ [Not specified]      │
├─────────────────────────┼─────────────────────────┼────────────────┼──────────────────────┤
│ second-web-evolui-54432 │ second-web-evolui-54432 │ 832212547837   │ [Not specified]      │
└─────────────────────────┴─────────────────────────┴────────────────┴──────────────────────┘
[info] 
[info] 5 project(s) total.
[debug] [2024-09-21T14:26:24.464Z] Error: Timed out.
    at Timeout.<anonymous> (/home/bradd/.nvm/versions/node/v20.17.0/lib/node_modules/firebase-tools/lib/utils.js:268:49)
    at listOnTimeout (node:internal/timers:581:17)
    at process.processTimers (node:internal/timers:519:7)
[error] 
[error] Error: An unexpected error has occurred.
